<?xml version="1.0" encoding="UTF-8"?>
<testng-results ignored="0" total="1" passed="1" failed="0" skipped="0">
  <reporter-output>
  </reporter-output>
  <suite started-at="2026-01-10T03:17:55 IST" name="Default suite" finished-at="2026-01-10T03:18:04 IST" duration-ms="8234">
    <groups>
    </groups>
    <test started-at="2026-01-10T03:17:55 IST" name="Default test" finished-at="2026-01-10T03:18:04 IST" duration-ms="8234">
      <class name="karthikakkasaligar.Test.TC_05">
        <test-method is-config="true" signature="launchApplication()[pri:0, instance:karthikakkasaligar.Test.TC_05@815b41f]" started-at="2026-01-10T03:17:55 IST" name="launchApplication" finished-at="2026-01-10T03:18:01 IST" duration-ms="5793" status="PASS">
          <reporter-output>
          </reporter-output>
        </test-method> <!-- launchApplication -->
        <test-method signature="RegisterUserwithexistingemail(java.lang.String,java.lang.String)[pri:0, instance:karthikakkasaligar.Test.TC_05@815b41f]" started-at="2026-01-10T03:18:01 IST" name="RegisterUserwithexistingemail" data-provider="getdata" finished-at="2026-01-10T03:18:03 IST" duration-ms="2261" status="PASS">
          <params>
            <param index="0">
              <value>
                <![CDATA[Karthik]]>
              </value>
            </param>
            <param index="1">
              <value>
                <![CDATA[karthikakkasaligar001@gmail.com]]>
              </value>
            </param>
          </params>
          <reporter-output>
          </reporter-output>
        </test-method> <!-- RegisterUserwithexistingemail -->
        <test-method is-config="true" signature="closeapplication()[pri:0, instance:karthikakkasaligar.Test.TC_05@815b41f]" started-at="2026-01-10T03:18:03 IST" name="closeapplication" finished-at="2026-01-10T03:18:04 IST" duration-ms="143" status="PASS">
          <reporter-output>
          </reporter-output>
        </test-method> <!-- closeapplication -->
      </class> <!-- karthikakkasaligar.Test.TC_05 -->
    </test> <!-- Default test -->
  </suite> <!-- Default suite -->
</testng-results>
